Build started 2016/4/7 8:35:31.
     1>Project "F:\opensources\chromium_base\src\base\base.vcxproj" on node 5 (build target(s)).
     1>InitializeBuildStatus:
         Creating "..\build\Debug\obj\base\base.unsuccessfulbuild" because "AlwaysCreate" was specified.
       ClCompile:
         C:\Program Files (x86)\Microsoft Visual Studio 10.0\VC\bin\CL.exe /c /I..\third_party\wtl\include /I.. /I"C:\Program Files (x86)\Windows Kits\8.0\Include\shared" /I"C:\Program Files (x86)\Windows Kits\8.0\Include\um" /I"C:\Program Files (x86)\Windows Kits\8.0\Include\winrt" /I"C:\Program Files (x86)\Microsoft Visual Studio 10.0\\VC\atlmfc\include" /Zi /nologo /W4 /WX /Od /Oy- /D _DEBUG /D ANGLE_DX11 /D _WIN32_WINNT=0x0602 /D WINVER=0x0602 /D WIN32 /D _WINDOWS /D NOMINMAX /D PSAPI_VERSION=1 /D _CRT_RAND_S /D CERT_CHAIN_PARA_HAS_EXTRA_FIELDS /D WIN32_LEAN_AND_MEAN /D _ATL_NO_OPENGL /D _HAS_EXCEPTIONS=0 /D _SECURE_ATL /D CHROMIUM_BUILD /D TOOLKIT_VIEWS=1 /D USE_LIBJPEG_TURBO=1 /D ENABLE_ONE_CLICK_SIGNIN /D ENABLE_REMOTING=1 /D ENABLE_WEBRTC=1 /D ENABLE_PEPPER_CDMS /D ENABLE_CONFIGURATION_POLICY /D ENABLE_INPUT_SPEECH /D ENABLE_NOTIFICATIONS /D ENABLE_GPU=1 /D ENABLE_EGLIMAGE=1 /D __STD_C /D _CRT_SECURE_NO_DEPRECATE /D _SCL_SECURE_NO_DEPRECATE /D NTDDI_VERSION=0x06020000 /D ENABLE_TASK_MANAGER=1 /D ENABLE_EXTENSIONS=1 /D ENABLE_PLUGIN_INSTALLATION=1 /D ENABLE_PLUGINS=1 /D ENABLE_SESSION_SERVICE=1 /D ENABLE_THEMES=1 /D ENABLE_AUTOFILL_DIALOG=1 /D ENABLE_BACKGROUND=1 /D ENABLE_AUTOMATION=1 /D ENABLE_GOOGLE_NOW=1 /D ENABLE_FULL_PRINTING=1 /D ENABLE_PRINTING=1 /D ENABLE_SPELLCHECK=1 /D ENABLE_CAPTIVE_PORTAL_DETECTION=1 /D ENABLE_APP_LIST=1 /D ENABLE_SETTINGS_APP=1 /D ENABLE_MANAGED_USERS=1 /D ENABLE_MDNS=1 /D __STDC_CONSTANT_MACROS /D __STDC_FORMAT_MACROS /D BASE_IMPLEMENTATION /D DYNAMIC_ANNOTATIONS_ENABLED=1 /D WTF_USE_DYNAMIC_ANNOTATIONS=1 /D _UNICODE /D UNICODE /Gm- /RTC1 /MTd /GS /Gy /fp:precise /Zc:wchar_t /Zc:forScope /GR- /Yc"precompile.h" /Fp"..\build\Debug\obj\base\base.pch" /Fo"..\build\Debug\obj\base\\" /Fd"..\build\Debug\obj\base\vc100.pdb" /Gd /TP /wd4351 /wd4355 /wd4396 /wd4503 /wd4819 /wd4100 /wd4121 /wd4125 /wd4127 /wd4130 /wd4131 /wd4189 /wd4201 /wd4238 /wd4244 /wd4245 /wd4310 /wd4428 /wd4481 /wd4505 /wd4510 /wd4512 /wd4530 /wd4610 /wd4611 /wd4701 /wd4702 /wd4706 /wd4018 /FIprecompile.h /analyze- /errorReport:prompt ..\build\precompile.cc /MP /we4389 
         precompile.cc
         C:\Program Files (x86)\Microsoft Visual Studio 10.0\VC\bin\CL.exe /c /I..\third_party\wtl\include /I.. /I"C:\Program Files (x86)\Windows Kits\8.0\Include\shared" /I"C:\Program Files (x86)\Windows Kits\8.0\Include\um" /I"C:\Program Files (x86)\Windows Kits\8.0\Include\winrt" /I"C:\Program Files (x86)\Microsoft Visual Studio 10.0\\VC\atlmfc\include" /Zi /nologo /W4 /WX /Od /Oy- /D _DEBUG /D ANGLE_DX11 /D _WIN32_WINNT=0x0602 /D WINVER=0x0602 /D WIN32 /D _WINDOWS /D NOMINMAX /D PSAPI_VERSION=1 /D _CRT_RAND_S /D CERT_CHAIN_PARA_HAS_EXTRA_FIELDS /D WIN32_LEAN_AND_MEAN /D _ATL_NO_OPENGL /D _HAS_EXCEPTIONS=0 /D _SECURE_ATL /D CHROMIUM_BUILD /D TOOLKIT_VIEWS=1 /D USE_LIBJPEG_TURBO=1 /D ENABLE_ONE_CLICK_SIGNIN /D ENABLE_REMOTING=1 /D ENABLE_WEBRTC=1 /D ENABLE_PEPPER_CDMS /D ENABLE_CONFIGURATION_POLICY /D ENABLE_INPUT_SPEECH /D ENABLE_NOTIFICATIONS /D ENABLE_GPU=1 /D ENABLE_EGLIMAGE=1 /D __STD_C /D _CRT_SECURE_NO_DEPRECATE /D _SCL_SECURE_NO_DEPRECATE /D NTDDI_VERSION=0x06020000 /D ENABLE_TASK_MANAGER=1 /D ENABLE_EXTENSIONS=1 /D ENABLE_PLUGIN_INSTALLATION=1 /D ENABLE_PLUGINS=1 /D ENABLE_SESSION_SERVICE=1 /D ENABLE_THEMES=1 /D ENABLE_AUTOFILL_DIALOG=1 /D ENABLE_BACKGROUND=1 /D ENABLE_AUTOMATION=1 /D ENABLE_GOOGLE_NOW=1 /D ENABLE_FULL_PRINTING=1 /D ENABLE_PRINTING=1 /D ENABLE_SPELLCHECK=1 /D ENABLE_CAPTIVE_PORTAL_DETECTION=1 /D ENABLE_APP_LIST=1 /D ENABLE_SETTINGS_APP=1 /D ENABLE_MANAGED_USERS=1 /D ENABLE_MDNS=1 /D __STDC_CONSTANT_MACROS /D __STDC_FORMAT_MACROS /D BASE_IMPLEMENTATION /D DYNAMIC_ANNOTATIONS_ENABLED=1 /D WTF_USE_DYNAMIC_ANNOTATIONS=1 /D _UNICODE /D UNICODE /Gm- /RTC1 /MTd /GS /Gy /fp:precise /Zc:wchar_t /Zc:forScope /GR- /Yu"precompile.h" /Fp"..\build\Debug\obj\base\base.pch" /Fo"..\build\Debug\obj\base\\" /Fd"..\build\Debug\obj\base\vc100.pdb" /Gd /TP /wd4351 /wd4355 /wd4396 /wd4503 /wd4819 /wd4100 /wd4121 /wd4125 /wd4127 /wd4130 /wd4131 /wd4189 /wd4201 /wd4238 /wd4244 /wd4245 /wd4310 /wd4428 /wd4481 /wd4505 /wd4510 /wd4512 /wd4530 /wd4610 /wd4611 /wd4701 /wd4702 /wd4706 /wd4018 /FIprecompile.h /analyze- /errorReport:prompt path_service.cc task_runner.cc hash.cc logging_win.cc base_paths.cc event_recorder_win.cc run_loop.cc pending_task.cc async_socket_io_handler_win.cc sequence_checker_impl.cc guid.cc callback_internal.cc version.cc base_paths_win.cc cpu.cc sys_info_win.cc sequenced_task_runner.cc platform_file.cc rand_util.cc logging.cc tracking_info.cc pickle.cc tracked_objects.cc sys_info.cc barrier_closure.cc location.cc command_line.cc build_time.cc environment.cc ini_parser.cc supports_user_data.cc bind_helpers.cc native_library_win.cc sync_socket_win.cc md5.cc file_util.cc lazy_instance.cc values.cc deferred_sequenced_task_runner.cc file_version_info_win.cc vlog.cc guid_win.cc value_conversions.cc sha1_portable.cc scoped_native_library.cc base64.cc platform_file_win.cc callback_helpers.cc rand_util_win.cc file_util_win.cc thread_task_runner_handle.cc at_exit.cc process\process_info_win.cc process\memory_win.cc process\process_iterator_win.cc process\process_metrics.cc process\kill.cc process\launch.cc process\process_iterator.cc process\process_metrics_win.cc process\kill_win.cc process\launch_win.cc process\process_handle_win.cc process\process_win.cc win\metro.cc win\wrapped_window_proc.cc win\iunknown_impl.cc win\message_window.cc win\iat_patch_function.cc win\registry.cc win\scoped_handle.cc win\startup_information.cc win\enum_variant.cc win\scoped_bstr.cc win\scoped_variant.cc win\object_watcher.cc win\resource_util.cc win\event_trace_provider.cc win\windows_version.cc win\i18n.cc win\win_util.cc win\text_services_message_filter.cc win\scoped_process_information.cc win\event_trace_controller.cc win\shortcut.cc allocator\allocator_extension.cc allocator\type_profiler_control.cc threading\platform_thread_win.cc threading\watchdog.cc threading\worker_pool_win.cc threading\thread_local_storage_win.cc threading\thread_restrictions.cc threading\thread_checker_impl.cc threading\sequenced_worker_pool.cc threading\thread.cc threading\post_task_and_reply_impl.cc threading\simple_thread.cc threading\thread_local_win.cc threading\worker_pool.cc threading\thread_collision_warner.cc threading\thread_id_name_manager.cc threading\non_thread_safe_impl.cc system_monitor\system_monitor.cc json\json_file_value_serializer.cc json\json_reader.cc json\json_parser.cc json\string_escape.cc json\json_string_value_serializer.cc json\json_writer.cc message_loop\incoming_task_queue.cc message_loop\message_loop.cc message_loop\message_pump_win.cc message_loop\message_pump.cc message_loop\message_pump_default.cc message_loop\message_loop_proxy.cc message_loop\message_loop_proxy_impl.cc memory\memory_pressure_listener.cc memory\singleton.cc memory\aligned_memory.cc memory\ref_counted.cc memory\shared_memory_win.cc memory\ref_counted_memory.cc memory\discardable_memory.cc memory\weak_ptr.cc files\file_util_proxy.cc files\file_enumerator_win.cc files\file_path.cc files\memory_mapped_file.cc files\memory_mapped_file_win.cc files\scoped_platform_file_closer.cc files\scoped_temp_dir.cc files\file_enumerator.cc files\file_path_watcher.cc files\file_path_constants.cc files\file_path_watcher_win.cc files\important_file_writer.cc third_party\dmg_fp\g_fmt.cc third_party\dmg_fp\dtoa_wrapper.cc third_party\icu\icu_utf.cc third_party\nspr\prtime.cc metrics\sparse_histogram.cc metrics\field_trial.cc metrics\stats_counters.cc metrics\histogram_samples.cc metrics\stats_table.cc metrics\histogram_base.cc metrics\bucket_ranges.cc metrics\sample_vector.cc metrics\sample_map.cc metrics\statistics_recorder.cc metrics\histogram_snapshot_manager.cc metrics\histogram.cc synchronization\cancellation_flag.cc synchronization\lock.cc synchronization\waitable_event_win.cc synchronization\lock_impl_win.cc synchronization\waitable_event_watcher_win.cc synchronization\condition_variable_win.cc timer\hi_res_timer_manager_win.cc timer\timer.cc profiler\scoped_profile.cc profiler\tracked_time.cc profiler\alternate_timer.cc power_monitor\power_monitor_device_source_win.cc power_monitor\power_monitor.cc power_monitor\power_monitor_source.cc power_monitor\power_monitor_device_source.cc time\time_win.cc time\time.cc time\default_clock.cc time\default_tick_clock.cc time\clock.cc time\tick_clock.cc debug\debugger_win.cc debug\stack_trace.cc debug\debugger.cc debug\alias.cc debug\trace_event_impl_constants.cc debug\stack_trace_win.cc debug\crash_logging.cc debug\debug_on_start_win.cc debug\profiler.cc debug\trace_event_memory.cc debug\trace_event_win.cc debug\trace_event_impl.cc strings\string_number_conversions.cc strings\string_util.cc strings\stringprintf.cc strings\nullable_string16.cc strings\string_piece.cc strings\utf_offset_string_conversions.cc strings\string_split.cc strings\sys_string_conversions_win.cc strings\latin1_string_conversions.cc strings\string_util_constants.cc strings\utf_string_conversion_utils.cc strings\utf_string_conversions.cc /MP /we4389 
         path_service.cc
         task_runner.cc
         hash.cc
         logging_win.cc
         base_paths.cc
         event_recorder_win.cc
         run_loop.cc
         pending_task.cc
         async_socket_io_handler_win.cc
         sequence_checker_impl.cc
         guid.cc
         callback_internal.cc
         version.cc
         base_paths_win.cc
         cpu.cc
         sys_info_win.cc
         sequenced_task_runner.cc
         platform_file.cc
         rand_util.cc
         logging.cc
         tracking_info.cc
         pickle.cc
         tracked_objects.cc
         sys_info.cc
         barrier_closure.cc
         location.cc
         command_line.cc
         build_time.cc
         environment.cc
         ini_parser.cc
         supports_user_data.cc
         bind_helpers.cc
         native_library_win.cc
         sync_socket_win.cc
         md5.cc
         file_util.cc
         lazy_instance.cc
         values.cc
         deferred_sequenced_task_runner.cc
         file_version_info_win.cc
         vlog.cc
         guid_win.cc
         value_conversions.cc
         sha1_portable.cc
         scoped_native_library.cc
         base64.cc
         platform_file_win.cc
         callback_helpers.cc
         rand_util_win.cc
         file_util_win.cc
         thread_task_runner_handle.cc
         at_exit.cc
         process_info_win.cc
         memory_win.cc
         process_iterator_win.cc
         process_metrics.cc
         kill.cc
         launch.cc
         process_iterator.cc
         process_metrics_win.cc
         kill_win.cc
         launch_win.cc
         process_handle_win.cc
         process_win.cc
         metro.cc
         wrapped_window_proc.cc
         iunknown_impl.cc
         message_window.cc
         iat_patch_function.cc
         registry.cc
         scoped_handle.cc
         startup_information.cc
         enum_variant.cc
         scoped_bstr.cc
         scoped_variant.cc
         object_watcher.cc
         resource_util.cc
         event_trace_provider.cc
         windows_version.cc
         i18n.cc
         win_util.cc
         text_services_message_filter.cc
         scoped_process_information.cc
         event_trace_controller.cc
         shortcut.cc
         allocator_extension.cc
         type_profiler_control.cc
         platform_thread_win.cc
         watchdog.cc
         worker_pool_win.cc
         thread_local_storage_win.cc
         thread_restrictions.cc
         thread_checker_impl.cc
         sequenced_worker_pool.cc
         thread.cc
         post_task_and_reply_impl.cc
         simple_thread.cc
         thread_local_win.cc
         worker_pool.cc
         thread_collision_warner.cc
         thread_id_name_manager.cc
         non_thread_safe_impl.cc
         system_monitor.cc
         json_file_value_serializer.cc
         json_reader.cc
         json_parser.cc
         string_escape.cc
         json_string_value_serializer.cc
         json_writer.cc
         incoming_task_queue.cc
         message_loop.cc
         message_pump_win.cc
         message_pump.cc
         message_pump_default.cc
         message_loop_proxy.cc
         message_loop_proxy_impl.cc
         memory_pressure_listener.cc
         singleton.cc
         aligned_memory.cc
         ref_counted.cc
         shared_memory_win.cc
         ref_counted_memory.cc
         discardable_memory.cc
         weak_ptr.cc
         file_util_proxy.cc
         file_enumerator_win.cc
         file_path.cc
         memory_mapped_file.cc
         memory_mapped_file_win.cc
         scoped_platform_file_closer.cc
         scoped_temp_dir.cc
         file_enumerator.cc
         file_path_watcher.cc
         file_path_constants.cc
         file_path_watcher_win.cc
         important_file_writer.cc
         g_fmt.cc
         dtoa_wrapper.cc
         icu_utf.cc
         prtime.cc
         sparse_histogram.cc
         field_trial.cc
         stats_counters.cc
         histogram_samples.cc
         stats_table.cc
         histogram_base.cc
         bucket_ranges.cc
         sample_vector.cc
         sample_map.cc
         statistics_recorder.cc
         histogram_snapshot_manager.cc
         histogram.cc
         cancellation_flag.cc
         lock.cc
         waitable_event_win.cc
         lock_impl_win.cc
         waitable_event_watcher_win.cc
         condition_variable_win.cc
         hi_res_timer_manager_win.cc
         timer.cc
         scoped_profile.cc
         tracked_time.cc
         alternate_timer.cc
         power_monitor_device_source_win.cc
         power_monitor.cc
         power_monitor_source.cc
         power_monitor_device_source.cc
         time_win.cc
         time.cc
         default_clock.cc
         default_tick_clock.cc
         clock.cc
         tick_clock.cc
         debugger_win.cc
         stack_trace.cc
         debugger.cc
         alias.cc
         trace_event_impl_constants.cc
         stack_trace_win.cc
         crash_logging.cc
         debug_on_start_win.cc
         profiler.cc
         trace_event_memory.cc
         trace_event_win.cc
         trace_event_impl.cc
         string_number_conversions.cc
         string_util.cc
         stringprintf.cc
         nullable_string16.cc
         string_piece.cc
         utf_offset_string_conversions.cc
         string_split.cc
         sys_string_conversions_win.cc
         latin1_string_conversions.cc
         string_util_constants.cc
         utf_string_conversion_utils.cc
         utf_string_conversions.cc
       Lib:
         C:\Program Files (x86)\Microsoft Visual Studio 10.0\VC\bin\Lib.exe /OUT:"..\build\Debug\lib\base.lib" /LIBPATH:"C:/Program Files (x86)/Windows Kits/8.0/Lib/win8/um/x86" /NOLOGO ..\build\Debug\obj\base\path_service.obj
         ..\build\Debug\obj\base\task_runner.obj
         ..\build\Debug\obj\base\hash.obj
         ..\build\Debug\obj\base\logging_win.obj
         ..\build\Debug\obj\base\base_paths.obj
         ..\build\Debug\obj\base\event_recorder_win.obj
         ..\build\Debug\obj\base\run_loop.obj
         ..\build\Debug\obj\base\pending_task.obj
         ..\build\Debug\obj\base\async_socket_io_handler_win.obj
         ..\build\Debug\obj\base\sequence_checker_impl.obj
         ..\build\Debug\obj\base\guid.obj
         ..\build\Debug\obj\base\callback_internal.obj
         ..\build\Debug\obj\base\version.obj
         ..\build\Debug\obj\base\base_paths_win.obj
         ..\build\Debug\obj\base\cpu.obj
         ..\build\Debug\obj\base\sys_info_win.obj
         ..\build\Debug\obj\base\sequenced_task_runner.obj
         ..\build\Debug\obj\base\platform_file.obj
         ..\build\Debug\obj\base\rand_util.obj
         ..\build\Debug\obj\base\logging.obj
         ..\build\Debug\obj\base\tracking_info.obj
         ..\build\Debug\obj\base\pickle.obj
         ..\build\Debug\obj\base\tracked_objects.obj
         ..\build\Debug\obj\base\sys_info.obj
         ..\build\Debug\obj\base\barrier_closure.obj
         ..\build\Debug\obj\base\location.obj
         ..\build\Debug\obj\base\command_line.obj
         ..\build\Debug\obj\base\build_time.obj
         ..\build\Debug\obj\base\environment.obj
         ..\build\Debug\obj\base\ini_parser.obj
         ..\build\Debug\obj\base\supports_user_data.obj
         ..\build\Debug\obj\base\bind_helpers.obj
         ..\build\Debug\obj\base\native_library_win.obj
         ..\build\Debug\obj\base\sync_socket_win.obj
         ..\build\Debug\obj\base\md5.obj
         ..\build\Debug\obj\base\file_util.obj
         ..\build\Debug\obj\base\lazy_instance.obj
         ..\build\Debug\obj\base\values.obj
         ..\build\Debug\obj\base\deferred_sequenced_task_runner.obj
         ..\build\Debug\obj\base\file_version_info_win.obj
         ..\build\Debug\obj\base\vlog.obj
         ..\build\Debug\obj\base\guid_win.obj
         ..\build\Debug\obj\base\value_conversions.obj
         ..\build\Debug\obj\base\sha1_portable.obj
         ..\build\Debug\obj\base\scoped_native_library.obj
         ..\build\Debug\obj\base\base64.obj
         ..\build\Debug\obj\base\platform_file_win.obj
         ..\build\Debug\obj\base\callback_helpers.obj
         ..\build\Debug\obj\base\rand_util_win.obj
         ..\build\Debug\obj\base\file_util_win.obj
         ..\build\Debug\obj\base\thread_task_runner_handle.obj
         ..\build\Debug\obj\base\at_exit.obj
         ..\build\Debug\obj\base\process_info_win.obj
         ..\build\Debug\obj\base\memory_win.obj
         ..\build\Debug\obj\base\process_iterator_win.obj
         ..\build\Debug\obj\base\process_metrics.obj
         ..\build\Debug\obj\base\kill.obj
         ..\build\Debug\obj\base\launch.obj
         ..\build\Debug\obj\base\process_iterator.obj
         ..\build\Debug\obj\base\process_metrics_win.obj
         ..\build\Debug\obj\base\kill_win.obj
         ..\build\Debug\obj\base\launch_win.obj
         ..\build\Debug\obj\base\process_handle_win.obj
         ..\build\Debug\obj\base\process_win.obj
         ..\build\Debug\obj\base\metro.obj
         ..\build\Debug\obj\base\wrapped_window_proc.obj
         ..\build\Debug\obj\base\iunknown_impl.obj
         ..\build\Debug\obj\base\message_window.obj
         ..\build\Debug\obj\base\iat_patch_function.obj
         ..\build\Debug\obj\base\registry.obj
         ..\build\Debug\obj\base\scoped_handle.obj
         ..\build\Debug\obj\base\startup_information.obj
         ..\build\Debug\obj\base\enum_variant.obj
         ..\build\Debug\obj\base\scoped_bstr.obj
         ..\build\Debug\obj\base\scoped_variant.obj
         ..\build\Debug\obj\base\object_watcher.obj
         ..\build\Debug\obj\base\resource_util.obj
         ..\build\Debug\obj\base\event_trace_provider.obj
         ..\build\Debug\obj\base\windows_version.obj
         ..\build\Debug\obj\base\i18n.obj
         ..\build\Debug\obj\base\win_util.obj
         ..\build\Debug\obj\base\text_services_message_filter.obj
         ..\build\Debug\obj\base\scoped_process_information.obj
         ..\build\Debug\obj\base\event_trace_controller.obj
         ..\build\Debug\obj\base\shortcut.obj
         ..\build\Debug\obj\base\allocator_extension.obj
         ..\build\Debug\obj\base\type_profiler_control.obj
         ..\build\Debug\obj\base\precompile.obj
         ..\build\Debug\obj\base\platform_thread_win.obj
         ..\build\Debug\obj\base\watchdog.obj
         ..\build\Debug\obj\base\worker_pool_win.obj
         ..\build\Debug\obj\base\thread_local_storage_win.obj
         ..\build\Debug\obj\base\thread_restrictions.obj
         ..\build\Debug\obj\base\thread_checker_impl.obj
         ..\build\Debug\obj\base\sequenced_worker_pool.obj
         ..\build\Debug\obj\base\thread.obj
         ..\build\Debug\obj\base\post_task_and_reply_impl.obj
         ..\build\Debug\obj\base\simple_thread.obj
         ..\build\Debug\obj\base\thread_local_win.obj
         ..\build\Debug\obj\base\worker_pool.obj
         ..\build\Debug\obj\base\thread_collision_warner.obj
         ..\build\Debug\obj\base\thread_id_name_manager.obj
         ..\build\Debug\obj\base\non_thread_safe_impl.obj
         ..\build\Debug\obj\base\system_monitor.obj
         ..\build\Debug\obj\base\json_file_value_serializer.obj
         ..\build\Debug\obj\base\json_reader.obj
         ..\build\Debug\obj\base\json_parser.obj
         ..\build\Debug\obj\base\string_escape.obj
         ..\build\Debug\obj\base\json_string_value_serializer.obj
         ..\build\Debug\obj\base\json_writer.obj
         ..\build\Debug\obj\base\incoming_task_queue.obj
         ..\build\Debug\obj\base\message_loop.obj
         ..\build\Debug\obj\base\message_pump_win.obj
         ..\build\Debug\obj\base\message_pump.obj
         ..\build\Debug\obj\base\message_pump_default.obj
         ..\build\Debug\obj\base\message_loop_proxy.obj
         ..\build\Debug\obj\base\message_loop_proxy_impl.obj
         ..\build\Debug\obj\base\memory_pressure_listener.obj
         ..\build\Debug\obj\base\singleton.obj
         ..\build\Debug\obj\base\aligned_memory.obj
         ..\build\Debug\obj\base\ref_counted.obj
         ..\build\Debug\obj\base\shared_memory_win.obj
         ..\build\Debug\obj\base\ref_counted_memory.obj
         ..\build\Debug\obj\base\discardable_memory.obj
         ..\build\Debug\obj\base\weak_ptr.obj
         ..\build\Debug\obj\base\file_util_proxy.obj
         ..\build\Debug\obj\base\file_enumerator_win.obj
         ..\build\Debug\obj\base\file_path.obj
         ..\build\Debug\obj\base\memory_mapped_file.obj
         ..\build\Debug\obj\base\memory_mapped_file_win.obj
         ..\build\Debug\obj\base\scoped_platform_file_closer.obj
         ..\build\Debug\obj\base\scoped_temp_dir.obj
         ..\build\Debug\obj\base\file_enumerator.obj
         ..\build\Debug\obj\base\file_path_watcher.obj
         ..\build\Debug\obj\base\file_path_constants.obj
         ..\build\Debug\obj\base\file_path_watcher_win.obj
         ..\build\Debug\obj\base\important_file_writer.obj
         ..\build\Debug\obj\base\g_fmt.obj
         ..\build\Debug\obj\base\dtoa_wrapper.obj
         ..\build\Debug\obj\base\icu_utf.obj
         ..\build\Debug\obj\base\prtime.obj
         ..\build\Debug\obj\base\sparse_histogram.obj
         ..\build\Debug\obj\base\field_trial.obj
         ..\build\Debug\obj\base\stats_counters.obj
         ..\build\Debug\obj\base\histogram_samples.obj
         ..\build\Debug\obj\base\stats_table.obj
         ..\build\Debug\obj\base\histogram_base.obj
         ..\build\Debug\obj\base\bucket_ranges.obj
         ..\build\Debug\obj\base\sample_vector.obj
         ..\build\Debug\obj\base\sample_map.obj
         ..\build\Debug\obj\base\statistics_recorder.obj
         ..\build\Debug\obj\base\histogram_snapshot_manager.obj
         ..\build\Debug\obj\base\histogram.obj
         ..\build\Debug\obj\base\cancellation_flag.obj
         ..\build\Debug\obj\base\lock.obj
         ..\build\Debug\obj\base\waitable_event_win.obj
         ..\build\Debug\obj\base\lock_impl_win.obj
         ..\build\Debug\obj\base\waitable_event_watcher_win.obj
         ..\build\Debug\obj\base\condition_variable_win.obj
         ..\build\Debug\obj\base\hi_res_timer_manager_win.obj
         ..\build\Debug\obj\base\timer.obj
         ..\build\Debug\obj\base\scoped_profile.obj
         ..\build\Debug\obj\base\tracked_time.obj
         ..\build\Debug\obj\base\alternate_timer.obj
         ..\build\Debug\obj\base\power_monitor_device_source_win.obj
         ..\build\Debug\obj\base\power_monitor.obj
         ..\build\Debug\obj\base\power_monitor_source.obj
         ..\build\Debug\obj\base\power_monitor_device_source.obj
         ..\build\Debug\obj\base\time_win.obj
         ..\build\Debug\obj\base\time.obj
         ..\build\Debug\obj\base\default_clock.obj
         ..\build\Debug\obj\base\default_tick_clock.obj
         ..\build\Debug\obj\base\clock.obj
         ..\build\Debug\obj\base\tick_clock.obj
         ..\build\Debug\obj\base\debugger_win.obj
         ..\build\Debug\obj\base\stack_trace.obj
         ..\build\Debug\obj\base\debugger.obj
         ..\build\Debug\obj\base\alias.obj
         ..\build\Debug\obj\base\trace_event_impl_constants.obj
         ..\build\Debug\obj\base\stack_trace_win.obj
         ..\build\Debug\obj\base\crash_logging.obj
         ..\build\Debug\obj\base\debug_on_start_win.obj
         ..\build\Debug\obj\base\profiler.obj
         ..\build\Debug\obj\base\trace_event_memory.obj
         ..\build\Debug\obj\base\trace_event_win.obj
         ..\build\Debug\obj\base\trace_event_impl.obj
         ..\build\Debug\obj\base\string_number_conversions.obj
         ..\build\Debug\obj\base\string_util.obj
         ..\build\Debug\obj\base\stringprintf.obj
         ..\build\Debug\obj\base\nullable_string16.obj
         ..\build\Debug\obj\base\string_piece.obj
         ..\build\Debug\obj\base\utf_offset_string_conversions.obj
         ..\build\Debug\obj\base\string_split.obj
         ..\build\Debug\obj\base\sys_string_conversions_win.obj
         ..\build\Debug\obj\base\latin1_string_conversions.obj
         ..\build\Debug\obj\base\string_util_constants.obj
         ..\build\Debug\obj\base\utf_string_conversion_utils.obj
         ..\build\Debug\obj\base\utf_string_conversions.obj /ignore:4221 
         base.vcxproj -> ..\build\Debug\lib\base.lib
       FinalizeBuildStatus:
         Deleting file "..\build\Debug\obj\base\base.unsuccessfulbuild".
         Touching "..\build\Debug\obj\base\base.lastbuildstate".
     1>Done Building Project "F:\opensources\chromium_base\src\base\base.vcxproj" (build target(s)).

Build succeeded.

Time Elapsed 00:00:06.88
